Построение начато 09.03.2016 19:38:10.
     1>Проект "D:\Программач\ChainReaction\ChainReaction\ChainReaction.vcxproj" в узле 2 (целевые объекты build).
     1>PrepareForBuild:
         Создание каталога "D:\Программач\ChainReaction\Release\".
       InitializeBuildStatus:
         Создание "Release\ChainReaction.unsuccessfulbuild", так как было задано "AlwaysCreate".
       ClCompile:
         E:\Visual Studio\VC\bin\CL.exe /c /Zi /nologo /W3 /WX- /O2 /Oi /Oy- /GL /D WIN32 /D NDEBUG /D _CONSOLE /D _UNICODE /D UNICODE /Gm- /EHsc /MD /GS /Gy /fp:precise /Zc:wchar_t /Zc:forScope /Fo"Release\\" /Fd"Release\vc100.pdb" /Gd /TP /analyze- /errorReport:prompt Main.cpp
         Main.cpp
     1>Main.cpp(428): warning C4244: аргумент: преобразование "int" в "float", возможна потеря данных
     1>Main.cpp(448): warning C4244: инициализация: преобразование "int" в "float", возможна потеря данных
     1>Main.cpp(478): warning C4244: +=: преобразование "float" в "int", возможна потеря данных
     1>Main.cpp(481): warning C4244: +=: преобразование "float" в "int", возможна потеря данных
       Link:
         E:\Visual Studio\VC\bin\link.exe /ERRORREPORT:PROMPT /OUT:"D:\Программач\ChainReaction\Release\ChainReaction.exe" /INCREMENTAL:NO /NOLOGO kernel32.lib user32.lib gdi32.lib winspool.lib comdlg32.lib advapi32.lib shell32.lib ole32.lib oleaut32.lib uuid.lib odbc32.lib odbccp32.lib /MANIFEST /ManifestFile:"Release\ChainReaction.exe.intermediate.manifest" /MANIFESTUAC:"level='asInvoker' uiAccess='false'" /DEBUG /PDB:"D:\Программач\ChainReaction\Release\ChainReaction.pdb" /SUBSYSTEM:CONSOLE /OPT:REF /OPT:ICF /LTCG /TLBID:1 /DYNAMICBASE /NXCOMPAT /IMPLIB:"D:\Программач\ChainReaction\Release\ChainReaction.lib" /MACHINE:X86 Release\Main.obj
         Создание кода
     1>d:\программач\chainreaction\chainreaction\main.cpp(621): warning C4715: Handle::getCount: значение возвращается не при всех путях выполнения
         Создание кода завершено
         ChainReaction.vcxproj -> D:\Программач\ChainReaction\Release\ChainReaction.exe
       Manifest:
         c:\Program Files\Microsoft SDKs\Windows\v7.0A\bin\mt.exe /nologo /verbose /outputresource:"D:\Программач\ChainReaction\Release\ChainReaction.exe;#1" /manifest Release\ChainReaction.exe.intermediate.manifest
       FinalizeBuildStatus:
         Файл "Release\ChainReaction.unsuccessfulbuild" удаляется.
         Обращение к "Release\ChainReaction.lastbuildstate".
     1>Построение проекта "D:\Программач\ChainReaction\ChainReaction\ChainReaction.vcxproj" завершено (целевые объекты build).

Построение успешно завершено.

Затраченное время: 00:00:04.09
