d:\программач\chainreaction\chainreaction\debug\main.obj
d:\программач\chainreaction\chainreaction\debug\vc100.pdb
d:\программач\chainreaction\debug\chainreaction.ilk
d:\программач\chainreaction\debug\chainreaction.exe
d:\программач\chainreaction\chainreaction\debug\chainreaction.exe.intermediate.manifest
d:\программач\chainreaction\debug\chainreaction.pdb
d:\программач\chainreaction\chainreaction\debug\chainreaction.exe.embed.manifest
d:\программач\chainreaction\chainreaction\debug\chainreaction.exe.embed.manifest.res
d:\программач\chainreaction\chainreaction\debug\vc140.pdb
d:\программач\chainreaction\chainreaction\debug\vc140.idb
d:\программач\chainreaction\chainreaction\debug\chainreaction.vcxprojresolveassemblyreference.cache
d:\программач\chainreaction\chainreaction\debug\chainreaction.write.1.tlog
d:\программач\chainreaction\chainreaction\debug\cl.command.1.tlog
d:\программач\chainreaction\chainreaction\debug\cl.read.1.tlog
d:\программач\chainreaction\chainreaction\debug\cl.write.1.tlog
d:\программач\chainreaction\chainreaction\debug\link-cvtres.read.1.tlog
d:\программач\chainreaction\chainreaction\debug\link-cvtres.write.1.tlog
d:\программач\chainreaction\chainreaction\debug\link.1588-cvtres.read.1.tlog
d:\программач\chainreaction\chainreaction\debug\link.1588-cvtres.write.1.tlog
d:\программач\chainreaction\chainreaction\debug\link.1588.read.1.tlog
d:\программач\chainreaction\chainreaction\debug\link.1588.write.1.tlog
d:\программач\chainreaction\chainreaction\debug\link.2896-cvtres.read.1.tlog
d:\программач\chainreaction\chainreaction\debug\link.2896-cvtres.write.1.tlog
d:\программач\chainreaction\chainreaction\debug\link.2896.read.1.tlog
d:\программач\chainreaction\chainreaction\debug\link.2896.write.1.tlog
d:\программач\chainreaction\chainreaction\debug\link.2984-cvtres.read.1.tlog
d:\программач\chainreaction\chainreaction\debug\link.2984-cvtres.write.1.tlog
d:\программач\chainreaction\chainreaction\debug\link.2984.read.1.tlog
d:\программач\chainreaction\chainreaction\debug\link.2984.write.1.tlog
d:\программач\chainreaction\chainreaction\debug\link.3124-cvtres.read.1.tlog
d:\программач\chainreaction\chainreaction\debug\link.3124-cvtres.write.1.tlog
d:\программач\chainreaction\chainreaction\debug\link.3124.read.1.tlog
d:\программач\chainreaction\chainreaction\debug\link.3124.write.1.tlog
d:\программач\chainreaction\chainreaction\debug\link.3768-cvtres.read.1.tlog
d:\программач\chainreaction\chainreaction\debug\link.3768-cvtres.write.1.tlog
d:\программач\chainreaction\chainreaction\debug\link.3768.read.1.tlog
d:\программач\chainreaction\chainreaction\debug\link.3768.write.1.tlog
d:\программач\chainreaction\chainreaction\debug\link.4348-cvtres.read.1.tlog
d:\программач\chainreaction\chainreaction\debug\link.4348-cvtres.write.1.tlog
d:\программач\chainreaction\chainreaction\debug\link.4348.read.1.tlog
d:\программач\chainreaction\chainreaction\debug\link.4348.write.1.tlog
d:\программач\chainreaction\chainreaction\debug\link.4696-cvtres.read.1.tlog
d:\программач\chainreaction\chainreaction\debug\link.4696-cvtres.write.1.tlog
d:\программач\chainreaction\chainreaction\debug\link.4696.read.1.tlog
d:\программач\chainreaction\chainreaction\debug\link.4696.write.1.tlog
d:\программач\chainreaction\chainreaction\debug\link.5188-cvtres.read.1.tlog
d:\программач\chainreaction\chainreaction\debug\link.5188-cvtres.write.1.tlog
d:\программач\chainreaction\chainreaction\debug\link.5188.read.1.tlog
d:\программач\chainreaction\chainreaction\debug\link.5188.write.1.tlog
d:\программач\chainreaction\chainreaction\debug\link.532-cvtres.read.1.tlog
d:\программач\chainreaction\chainreaction\debug\link.532-cvtres.write.1.tlog
d:\программач\chainreaction\chainreaction\debug\link.532.read.1.tlog
d:\программач\chainreaction\chainreaction\debug\link.532.write.1.tlog
d:\программач\chainreaction\chainreaction\debug\link.5492-cvtres.read.1.tlog
d:\программач\chainreaction\chainreaction\debug\link.5492-cvtres.write.1.tlog
d:\программач\chainreaction\chainreaction\debug\link.5492.read.1.tlog
d:\программач\chainreaction\chainreaction\debug\link.5492.write.1.tlog
d:\программач\chainreaction\chainreaction\debug\link.5540-cvtres.read.1.tlog
d:\программач\chainreaction\chainreaction\debug\link.5540-cvtres.write.1.tlog
d:\программач\chainreaction\chainreaction\debug\link.5540.read.1.tlog
d:\программач\chainreaction\chainreaction\debug\link.5540.write.1.tlog
d:\программач\chainreaction\chainreaction\debug\link.5568-cvtres.read.1.tlog
d:\программач\chainreaction\chainreaction\debug\link.5568-cvtres.write.1.tlog
d:\программач\chainreaction\chainreaction\debug\link.5568.read.1.tlog
d:\программач\chainreaction\chainreaction\debug\link.5568.write.1.tlog
d:\программач\chainreaction\chainreaction\debug\link.5680-cvtres.read.1.tlog
d:\программач\chainreaction\chainreaction\debug\link.5680-cvtres.write.1.tlog
d:\программач\chainreaction\chainreaction\debug\link.5680.read.1.tlog
d:\программач\chainreaction\chainreaction\debug\link.5680.write.1.tlog
d:\программач\chainreaction\chainreaction\debug\link.5756-cvtres.read.1.tlog
d:\программач\chainreaction\chainreaction\debug\link.5756-cvtres.write.1.tlog
d:\программач\chainreaction\chainreaction\debug\link.5756.read.1.tlog
d:\программач\chainreaction\chainreaction\debug\link.5756.write.1.tlog
d:\программач\chainreaction\chainreaction\debug\link.5856-cvtres.read.1.tlog
d:\программач\chainreaction\chainreaction\debug\link.5856-cvtres.write.1.tlog
d:\программач\chainreaction\chainreaction\debug\link.5856.read.1.tlog
d:\программач\chainreaction\chainreaction\debug\link.5856.write.1.tlog
d:\программач\chainreaction\chainreaction\debug\link.command.1.tlog
d:\программач\chainreaction\chainreaction\debug\link.read.1.tlog
d:\программач\chainreaction\chainreaction\debug\link.write.1.tlog
d:\программач\chainreaction\chainreaction\debug\mt.command.1.tlog
d:\программач\chainreaction\chainreaction\debug\mt.read.1.tlog
d:\программач\chainreaction\chainreaction\debug\mt.write.1.tlog
d:\программач\chainreaction\chainreaction\debug\rc.command.1.tlog
d:\программач\chainreaction\chainreaction\debug\rc.read.1.tlog
d:\программач\chainreaction\chainreaction\debug\rc.write.1.tlog
d:\программач\chainreaction\chainreaction\debug\vc100.idb
d:\программач\chainreaction\chainreaction\debug\chainreaction_manifest.rc
d:\программач\chainreaction\chainreaction\debug\chainreaction.tlog\cl.command.1.tlog
d:\программач\chainreaction\chainreaction\debug\chainreaction.tlog\cl.read.1.tlog
d:\программач\chainreaction\chainreaction\debug\chainreaction.tlog\cl.write.1.tlog
d:\программач\chainreaction\chainreaction\debug\chainreaction.tlog\link-cvtres.read.1.tlog
d:\программач\chainreaction\chainreaction\debug\chainreaction.tlog\link-cvtres.write.1.tlog
d:\программач\chainreaction\chainreaction\debug\chainreaction.tlog\link-rc.read.1.tlog
d:\программач\chainreaction\chainreaction\debug\chainreaction.tlog\link-rc.write.1.tlog
d:\программач\chainreaction\chainreaction\debug\chainreaction.tlog\link.command.1.tlog
d:\программач\chainreaction\chainreaction\debug\chainreaction.tlog\link.read.1.tlog
d:\программач\chainreaction\chainreaction\debug\chainreaction.tlog\link.write.1.tlog
